<?xml version="1.0" encoding="UTF-8"?>
<coverage generated="1692442056769" clover="3.2.0">
  <project timestamp="1692442056769" name="All files">
    <metrics statements="17" coveredstatements="2" conditionals="4" coveredconditionals="0" methods="5" coveredmethods="2" elements="26" coveredelements="4" complexity="0" loc="17" ncloc="17" packages="2" files="2" classes="2"/>
    <package name="form-manager">
      <metrics statements="6" coveredstatements="2" conditionals="0" coveredconditionals="0" methods="4" coveredmethods="2"/>
      <file name="FormManger.ts" path="/Users/savch/Work/pets/form-manager/packages/form-manager/FormManger.ts">
        <metrics statements="6" coveredstatements="2" conditionals="0" coveredconditionals="0" methods="4" coveredmethods="2"/>
        <line num="16" count="1" type="stmt"/>
        <line num="23" count="0" type="stmt"/>
        <line num="24" count="0" type="stmt"/>
        <line num="25" count="0" type="stmt"/>
        <line num="29" count="1" type="stmt"/>
        <line num="33" count="0" type="stmt"/>
      </file>
    </package>
    <package name="form-manager.utils">
      <metrics statements="11" coveredstatements="0" conditionals="4" coveredconditionals="0" methods="1" coveredmethods="0"/>
      <file name="setByPath.ts" path="/Users/savch/Work/pets/form-manager/packages/form-manager/utils/setByPath.ts">
        <metrics statements="11" coveredstatements="0" conditionals="4" coveredconditionals="0" methods="1" coveredmethods="0"/>
        <line num="4" count="0" type="stmt"/>
        <line num="6" count="0" type="stmt"/>
        <line num="7" count="0" type="stmt"/>
        <line num="9" count="0" type="stmt"/>
        <line num="10" count="0" type="stmt"/>
        <line num="11" count="0" type="cond" truecount="0" falsecount="4"/>
        <line num="12" count="0" type="stmt"/>
        <line num="14" count="0" type="stmt"/>
        <line num="17" count="0" type="stmt"/>
        <line num="18" count="0" type="stmt"/>
        <line num="20" count="0" type="stmt"/>
      </file>
    </package>
  </project>
</coverage>
