TN:
SF:FormManger.ts
FN:15,(anonymous_0)
FN:19,(anonymous_1)
FN:28,(anonymous_2)
FN:32,(anonymous_3)
FNF:4
FNH:2
FNDA:1,(anonymous_0)
FNDA:0,(anonymous_1)
FNDA:1,(anonymous_2)
FNDA:0,(anonymous_3)
DA:16,1
DA:23,0
DA:24,0
DA:25,0
DA:29,1
DA:33,0
LF:6
LH:2
BRF:0
BRH:0
end_of_record
TN:
SF:utils/setByPath.ts
FN:3,setByPath
FNF:1
FNH:0
FNDA:0,setByPath
DA:4,0
DA:6,0
DA:7,0
DA:9,0
DA:10,0
DA:11,0
DA:12,0
DA:14,0
DA:17,0
DA:18,0
DA:20,0
LF:11
LH:0
BRDA:11,0,0,0
BRDA:11,0,1,0
BRDA:11,1,0,0
BRDA:11,1,1,0
BRF:4
BRH:0
end_of_record
