{"/Users/savch/Work/pets/form-manager/form-manager/core/FormManger.ts": {"path":"/Users/savch/Work/pets/form-manager/form-manager/core/FormManger.ts","statementMap":{"0":{"start":{"line":16,"column":4},"end":{"line":16,"column":27}},"1":{"start":{"line":19,"column":4},"end":{"line":19,"column":68}},"2":{"start":{"line":23,"column":27},"end":{"line":23,"column":60}},"3":{"start":{"line":24,"column":4},"end":{"line":24,"column":75}},"4":{"start":{"line":31,"column":19},"end":{"line":31,"column":42}},"5":{"start":{"line":32,"column":22},"end":{"line":32,"column":52}},"6":{"start":{"line":33,"column":4},"end":{"line":33,"column":33}},"7":{"start":{"line":37,"column":4},"end":{"line":37,"column":35}},"8":{"start":{"line":41,"column":4},"end":{"line":43,"column":6}},"9":{"start":{"line":42,"column":6},"end":{"line":42,"column":32}}},"fnMap":{"0":{"name":"(anonymous_0)","decl":{"start":{"line":18,"column":2},"end":{"line":18,"column":3}},"loc":{"start":{"line":18,"column":55},"end":{"line":20,"column":3}},"line":18},"1":{"name":"(anonymous_1)","decl":{"start":{"line":22,"column":2},"end":{"line":22,"column":3}},"loc":{"start":{"line":22,"column":51},"end":{"line":25,"column":3}},"line":22},"2":{"name":"(anonymous_2)","decl":{"start":{"line":27,"column":2},"end":{"line":27,"column":3}},"loc":{"start":{"line":30,"column":10},"end":{"line":34,"column":3}},"line":30},"3":{"name":"(anonymous_3)","decl":{"start":{"line":36,"column":2},"end":{"line":36,"column":3}},"loc":{"start":{"line":36,"column":14},"end":{"line":38,"column":3}},"line":36},"4":{"name":"(anonymous_4)","decl":{"start":{"line":40,"column":2},"end":{"line":40,"column":3}},"loc":{"start":{"line":40,"column":66},"end":{"line":44,"column":3}},"line":40},"5":{"name":"(anonymous_5)","decl":{"start":{"line":41,"column":11},"end":{"line":41,"column":12}},"loc":{"start":{"line":41,"column":17},"end":{"line":43,"column":5}},"line":41}},"branchMap":{},"s":{"0":1,"1":1,"2":1,"3":1,"4":2,"5":2,"6":2,"7":4,"8":1,"9":1},"f":{"0":1,"1":1,"2":2,"3":4,"4":1,"5":1},"b":{},"_coverageSchema":"1a1c01bbd47fc00a2c39e90264f33305004495a9","hash":"5463aac431ec5956b63d0caa403365bfabfea776"}
,"/Users/savch/Work/pets/form-manager/form-manager/utils/setByPath.ts": {"path":"/Users/savch/Work/pets/form-manager/form-manager/utils/setByPath.ts","statementMap":{"0":{"start":{"line":4,"column":2},"end":{"line":4,"column":19}},"1":{"start":{"line":6,"column":15},"end":{"line":6,"column":30}},"2":{"start":{"line":7,"column":16},"end":{"line":7,"column":19}},"3":{"start":{"line":9,"column":2},"end":{"line":15,"column":3}},"4":{"start":{"line":9,"column":15},"end":{"line":9,"column":16}},"5":{"start":{"line":10,"column":16},"end":{"line":10,"column":23}},"6":{"start":{"line":11,"column":4},"end":{"line":13,"column":5}},"7":{"start":{"line":12,"column":6},"end":{"line":12,"column":49}},"8":{"start":{"line":14,"column":4},"end":{"line":14,"column":27}},"9":{"start":{"line":17,"column":18},"end":{"line":17,"column":39}},"10":{"start":{"line":18,"column":2},"end":{"line":18,"column":27}},"11":{"start":{"line":20,"column":2},"end":{"line":20,"column":13}}},"fnMap":{"0":{"name":"setByPath","decl":{"start":{"line":3,"column":16},"end":{"line":3,"column":25}},"loc":{"start":{"line":3,"column":78},"end":{"line":21,"column":1}},"line":3}},"branchMap":{"0":{"loc":{"start":{"line":11,"column":4},"end":{"line":13,"column":5}},"type":"if","locations":[{"start":{"line":11,"column":4},"end":{"line":13,"column":5}},{"start":{},"end":{}}],"line":11},"1":{"loc":{"start":{"line":11,"column":8},"end":{"line":11,"column":65}},"type":"binary-expr","locations":[{"start":{"line":11,"column":8},"end":{"line":11,"column":40}},{"start":{"line":11,"column":44},"end":{"line":11,"column":65}}],"line":11}},"s":{"0":2,"1":2,"2":2,"3":2,"4":2,"5":1,"6":1,"7":0,"8":1,"9":2,"10":2,"11":2},"f":{"0":2},"b":{"0":[0,1],"1":[1,1]},"_coverageSchema":"1a1c01bbd47fc00a2c39e90264f33305004495a9","hash":"ed28f1da63fedcfb93a6bca5dbe337bfc68e3722"}
}
