TN:
SF:form-manager/core/FormManger.ts
FN:18,(anonymous_0)
FN:22,(anonymous_1)
FN:27,(anonymous_2)
FN:36,(anonymous_3)
FN:40,(anonymous_4)
FN:41,(anonymous_5)
FNF:6
FNH:6
FNDA:1,(anonymous_0)
FNDA:1,(anonymous_1)
FNDA:2,(anonymous_2)
FNDA:4,(anonymous_3)
FNDA:1,(anonymous_4)
FNDA:1,(anonymous_5)
DA:16,1
DA:19,1
DA:23,1
DA:24,1
DA:31,2
DA:32,2
DA:33,2
DA:37,4
DA:41,1
DA:42,1
LF:10
LH:10
BRF:0
BRH:0
end_of_record
TN:
SF:form-manager/utils/setByPath.ts
FN:3,setByPath
FNF:1
FNH:1
FNDA:2,setByPath
DA:4,2
DA:6,2
DA:7,2
DA:9,2
DA:10,1
DA:11,1
DA:12,0
DA:14,1
DA:17,2
DA:18,2
DA:20,2
LF:11
LH:10
BRDA:11,0,0,0
BRDA:11,0,1,1
BRDA:11,1,0,1
BRDA:11,1,1,1
BRF:4
BRH:3
end_of_record
